<?xml version="1.0" encoding="UTF-8"?>
<!-- Generated by org.testng.reporters.JUnitReportReporter -->
<testsuite skipped="0" hostname="Parag" name="com.automationpractice.test.SignUPTest" tests="1" failures="0" timestamp="31 May 2020 11:03:03 GMT" time="25.186" errors="0">
  <testcase name="productDeatils" time="25.186" classname="com.automationpractice.test.SignUPTest"/>
</testsuite> <!-- com.automationpractice.test.SignUPTest -->
