<?xml version="1.0" encoding="UTF-8"?>
<!-- Generated by org.testng.reporters.JUnitReportReporter -->
<testsuite skipped="0" hostname="Parag" name="com.automationpractice.test.ProductTest" tests="1" failures="0" timestamp="31 May 2020 10:36:22 GMT" time="90.293" errors="0">
  <testcase name="productDeatils" time="90.293" classname="com.automationpractice.test.ProductTest"/>
</testsuite> <!-- com.automationpractice.test.ProductTest -->
